<?xml version="1.0" encoding="UTF-8"?>
<!-- Generated by org.testng.reporters.JUnitXMLReporter -->
<testsuite ignored="0" hostname="LAPTOP-K4EODMHG" failures="0" tests="4" name="Default test" time="62.167" errors="0" timestamp="2021-03-16T16:19:38 IST">
  <testcase classname="com.test.AttachmentsTest" name="TC1" time="22.58"/>
  <testcase classname="com.test.AttachmentsTest" name="TC2" time="13.755"/>
  <testcase classname="com.test.AttachmentsTest" name="TC3" time="12.757"/>
  <testcase classname="com.test.AttachmentsTest" name="TC4" time="12.886"/>
</testsuite> <!-- Default test -->
